2025-09-20 19:34:52,915 - INFO - Fetching data from polygon.io API
2025-09-20 19:35:38,257 - INFO - Fetching data from polygon.io API
2025-09-20 19:36:07,758 - INFO - Fetching data from polygon.io API
2025-09-20 19:36:08,726 - INFO - Data fetched successfully: {"results": [{"cash_amount": 0.48975694000000003, "currency": "USD", "dividend_type": "CD", "ex_divi...
2025-09-20 19:36:48,728 - INFO - Fetching data from polygon.io API
2025-09-20 19:36:49,624 - INFO - Data fetched successfully: {"results": [{"cash_amount": 0.48975694000000003, "currency": "USD", "dividend_type": "CD", "ex_divi...
2025-09-20 19:37:24,600 - INFO - Fetching data from polygon.io API
2025-09-20 19:37:25,564 - INFO - Data fetched successfully
2025-09-20 19:38:57,128 - INFO - Fetching data from polygon.io API
2025-09-20 19:38:58,116 - INFO - Data fetched successfully
2025-09-20 19:39:16,323 - INFO - Fetching data from polygon.io API
2025-09-20 19:39:17,275 - INFO - Data fetched successfully
2025-09-20 19:39:34,143 - INFO - Fetching data from polygon.io API
2025-09-20 19:39:35,072 - INFO - Data fetched successfully
2025-09-20 19:39:49,647 - INFO - Fetching data from polygon.io API
2025-09-20 19:39:50,546 - INFO - Data fetched successfully
2025-09-20 19:40:01,740 - INFO - Fetching data from polygon.io API
2025-09-20 19:40:02,867 - INFO - Data fetched successfully
2025-09-20 19:43:33,248 - INFO - Fetching data from polygon.io API
2025-09-20 19:43:34,258 - INFO - Data fetched successfully
2025-09-20 19:44:03,438 - INFO - Fetching data from polygon.io API
2025-09-20 19:44:04,379 - INFO - Data fetched successfully
2025-09-20 19:44:31,286 - INFO - Fetching data from polygon.io API
2025-09-20 19:44:32,451 - INFO - Data fetched successfully
2025-09-20 19:44:49,274 - INFO - Fetching data from polygon.io API
2025-09-20 19:44:50,270 - INFO - Data fetched successfully
2025-09-20 19:45:25,225 - INFO - Fetching data from polygon.io API
2025-09-20 19:45:26,159 - INFO - Data fetched successfully
2025-09-20 19:45:38,986 - INFO - Fetching data from polygon.io API
2025-09-20 19:45:39,986 - INFO - Data fetched successfully
2025-09-20 19:47:13,731 - INFO - Fetching data from polygon.io API
2025-09-20 19:47:37,891 - INFO - Fetching data from polygon.io API
2025-09-20 19:48:01,932 - INFO - Fetching data from polygon.io API
2025-09-20 19:48:19,565 - INFO - Fetching data from polygon.io API
2025-09-20 19:48:37,122 - INFO - Fetching data from polygon.io API
2025-09-20 19:48:54,202 - INFO - Fetching data from polygon.io API
2025-09-20 19:49:03,109 - INFO - Fetching data from polygon.io API
2025-09-20 19:49:11,476 - INFO - Fetching data from polygon.io API
2025-09-20 19:49:45,713 - INFO - Fetching data from polygon.io API
2025-09-20 19:50:44,990 - INFO - Fetching data from polygon.io API
2025-09-20 19:51:27,647 - INFO - Fetching data from polygon.io API
2025-09-20 19:51:50,601 - INFO - Fetching data from polygon.io API
2025-09-20 19:52:06,534 - INFO - Fetching data from polygon.io API
2025-09-20 19:55:19,210 - INFO - Fetching data from polygon.io API
2025-09-20 19:55:20,217 - INFO - Data fetched successfully
2025-09-20 19:55:20,226 - INFO - Data normalized successfully
2025-09-20 19:55:20,251 - INFO - Data saved to dividends_data.csv successfully
2025-09-20 20:24:21,501 - INFO - Fetching data from polygon.io API
2025-09-20 20:24:22,738 - INFO - Data fetched successfully
2025-09-20 20:24:22,741 - INFO - Data normalized successfully
2025-09-20 20:24:22,757 - INFO - Data saved to dividends_data.csv successfully
2025-09-20 20:27:06,957 - INFO - Fetching data from polygon.io API
2025-09-20 20:27:08,176 - INFO - Data fetched successfully
2025-09-20 20:27:08,179 - INFO - Data normalized successfully
2025-09-20 20:27:08,195 - INFO - Data saved to dividends_data.csv successfully
2025-09-20 20:27:35,175 - INFO - Fetching data from polygon.io API
2025-09-20 20:27:36,117 - INFO - Data fetched successfully
2025-09-20 20:27:36,121 - INFO - Data normalized successfully
2025-09-20 20:27:36,138 - INFO - Data saved to dividends_data.csv successfully
2025-09-20 20:28:01,988 - INFO - Fetching data from polygon.io API
2025-09-20 20:28:03,109 - INFO - Data fetched successfully
2025-09-20 20:28:03,114 - INFO - Data normalized successfully
2025-09-20 20:28:03,129 - INFO - Data saved to dividends_data.csv successfully
2025-09-20 20:31:28,832 - INFO - Fetching data from polygon.io API
2025-09-20 20:31:29,803 - INFO - Data fetched successfully
2025-09-20 20:31:29,806 - INFO - Data normalized successfully
2025-09-20 20:31:29,813 - INFO - Data saved to dividends_data.csv successfully
2025-09-20 20:31:43,569 - INFO - Fetching data from polygon.io API
2025-09-20 20:31:44,528 - INFO - Data fetched successfully
2025-09-20 20:31:44,532 - INFO - Data normalized successfully
2025-09-20 20:31:44,538 - INFO - Data saved to dividends_data.csv successfully
2025-09-20 20:32:48,359 - INFO - Fetching data from polygon.io API
2025-09-20 20:32:49,448 - INFO - Data fetched successfully
2025-09-20 20:32:49,452 - INFO - Data normalized successfully
2025-09-20 20:32:49,458 - INFO - Data saved to dividends_data.csv successfully
2025-09-30 20:43:57,941 - INFO - Fetching data from polygon.io API
2025-09-30 20:44:00,504 - INFO - Data fetched successfully
2025-09-30 20:44:00,519 - INFO - Data normalized successfully
2025-09-30 20:44:00,535 - INFO - Data saved to dividends_data.csv successfully
2025-09-30 20:44:00,535 - INFO - Snowflake Connector for Python Version: 3.17.4, Python Version: 3.12.5, Platform: Windows-11-10.0.22631-SP0
2025-09-30 20:44:00,535 - INFO - Connecting to GLOBAL Snowflake domain
2025-09-30 20:50:05,025 - INFO - Fetching data from polygon.io API
2025-09-30 20:50:06,009 - INFO - Data fetched successfully
2025-09-30 20:50:06,024 - INFO - Data normalized successfully
2025-09-30 20:50:06,025 - INFO - Data saved to dividends_data.csv successfully
2025-09-30 20:50:06,025 - INFO - Snowflake Connector for Python Version: 3.17.4, Python Version: 3.12.5, Platform: Windows-11-10.0.22631-SP0
2025-09-30 20:50:06,025 - INFO - Connecting to GLOBAL Snowflake domain
2025-09-30 20:50:08,925 - INFO - Connecting to Snowflake
2025-09-30 20:50:09,147 - INFO - Snowflake version: 9.30.0
2025-09-30 20:50:09,147 - INFO - Connected to Snowflake successfully
2025-09-30 20:56:27,716 - INFO - Fetching data from polygon.io API
2025-09-30 20:56:28,693 - INFO - Data fetched successfully
2025-09-30 20:56:28,696 - INFO - Data normalized successfully
2025-09-30 20:56:28,704 - INFO - Data saved to dividends_data.csv successfully
2025-09-30 20:56:28,705 - INFO - Snowflake Connector for Python Version: 3.17.4, Python Version: 3.12.5, Platform: Windows-11-10.0.22631-SP0
2025-09-30 20:56:28,705 - INFO - Connecting to GLOBAL Snowflake domain
2025-09-30 20:56:30,239 - INFO - Connecting to Snowflake
2025-09-30 20:56:30,467 - INFO - Snowflake version: 9.30.0
2025-09-30 20:56:30,467 - INFO - Connected to Snowflake successfully
2025-09-30 21:01:56,057 - INFO - Fetching data from polygon.io API
2025-09-30 21:01:57,106 - INFO - Data fetched successfully
2025-09-30 21:01:57,109 - INFO - Data normalized successfully
2025-09-30 21:01:57,115 - INFO - Data saved to dividends_data.csv successfully
2025-09-30 21:01:57,115 - INFO - Snowflake Connector for Python Version: 3.17.4, Python Version: 3.12.5, Platform: Windows-11-10.0.22631-SP0
2025-09-30 21:01:57,116 - INFO - Connecting to GLOBAL Snowflake domain
2025-09-30 21:01:58,443 - INFO - Connecting to Snowflake
2025-09-30 21:01:58,674 - INFO - Snowflake version: 9.30.0
2025-09-30 21:01:58,674 - INFO - Connected to Snowflake successfully
2025-09-30 21:02:49,120 - INFO - Fetching data from polygon.io API
2025-09-30 21:02:50,039 - INFO - Data fetched successfully
2025-09-30 21:02:50,042 - INFO - Data normalized successfully
2025-09-30 21:02:50,048 - INFO - Data saved to dividends_data.csv successfully
2025-09-30 21:02:50,049 - INFO - Snowflake Connector for Python Version: 3.17.4, Python Version: 3.12.5, Platform: Windows-11-10.0.22631-SP0
2025-09-30 21:02:50,049 - INFO - Connecting to GLOBAL Snowflake domain
2025-09-30 21:02:51,146 - INFO - Connecting to Snowflake
2025-09-30 21:02:51,301 - INFO - Snowflake version: 9.30.0
2025-09-30 21:02:51,301 - INFO - Connected to Snowflake successfully
2025-09-30 21:06:14,337 - INFO - Fetching data from polygon.io API
2025-09-30 21:06:15,333 - INFO - Data fetched successfully
2025-09-30 21:06:15,333 - INFO - Data normalized successfully
2025-09-30 21:06:15,348 - INFO - Data saved to dividends_data.csv successfully
2025-09-30 21:06:15,348 - INFO - Snowflake Connector for Python Version: 3.17.4, Python Version: 3.12.5, Platform: Windows-11-10.0.22631-SP0
2025-09-30 21:06:15,348 - INFO - Connecting to GLOBAL Snowflake domain
2025-09-30 21:06:16,281 - INFO - Connecting to Snowflake
2025-09-30 21:06:16,423 - INFO - Snowflake version: 9.30.0
2025-09-30 21:06:16,423 - INFO - Connected to Snowflake successfully
2025-09-30 21:09:47,241 - INFO - Fetching data from polygon.io API
2025-09-30 21:09:48,923 - INFO - Data fetched successfully
2025-09-30 21:09:48,927 - INFO - Data normalized successfully
2025-09-30 21:09:48,933 - INFO - Data saved to dividends_data.csv successfully
2025-09-30 21:09:48,933 - INFO - Snowflake Connector for Python Version: 3.17.4, Python Version: 3.12.5, Platform: Windows-11-10.0.22631-SP0
2025-09-30 21:09:48,934 - INFO - Connecting to GLOBAL Snowflake domain
2025-09-30 21:09:50,006 - INFO - Connecting to Snowflake
2025-09-30 21:09:50,136 - INFO - Snowflake version: 9.30.0
2025-09-30 21:09:50,136 - INFO - Connected to Snowflake successfully
2025-09-30 21:10:37,417 - INFO - Fetching data from polygon.io API
2025-09-30 21:10:42,242 - INFO - Data fetched successfully
2025-09-30 21:10:42,245 - INFO - Data normalized successfully
2025-09-30 21:10:42,253 - INFO - Data saved to dividends_data.csv successfully
2025-09-30 21:10:42,253 - INFO - Snowflake Connector for Python Version: 3.17.4, Python Version: 3.12.5, Platform: Windows-11-10.0.22631-SP0
2025-09-30 21:10:42,254 - INFO - Connecting to GLOBAL Snowflake domain
2025-09-30 21:10:44,361 - INFO - Connecting to Snowflake
2025-09-30 21:10:44,585 - INFO - Snowflake version: 9.30.0
2025-09-30 21:10:44,585 - INFO - Connected to Snowflake successfully
2025-10-09 21:11:49,530 - INFO - Fetching data from polygon.io API
2025-10-09 21:11:51,397 - INFO - Data fetched successfully
2025-10-09 21:11:51,407 - INFO - Data normalized successfully
2025-10-09 21:11:51,418 - INFO - Data saved to dividends_data.csv successfully
2025-10-09 21:11:51,418 - INFO - Snowflake Connector for Python Version: 3.17.4, Python Version: 3.12.5, Platform: Windows-11-10.0.22631-SP0
2025-10-09 21:11:51,419 - INFO - Connecting to GLOBAL Snowflake domain
2025-10-09 21:11:54,825 - INFO - Connecting to Snowflake
2025-10-09 21:11:55,269 - INFO - Snowflake version: 9.31.0
2025-10-09 21:11:55,269 - INFO - Connected to Snowflake successfully
2025-10-09 21:15:43,699 - INFO - Fetching data from polygon.io API
2025-10-09 21:15:44,650 - INFO - Data fetched successfully
2025-10-09 21:15:44,654 - INFO - Data normalized successfully
2025-10-09 21:15:44,661 - INFO - Data saved to dividends_data.csv successfully
2025-10-09 21:15:44,706 - INFO - Data read from dividends_data.csv successfully
2025-10-09 21:15:44,706 - INFO - Snowflake Connector for Python Version: 3.17.4, Python Version: 3.12.5, Platform: Windows-11-10.0.22631-SP0
2025-10-09 21:15:44,707 - INFO - Connecting to GLOBAL Snowflake domain
2025-10-09 21:15:45,902 - INFO - Connecting to Snowflake
2025-10-09 21:15:46,053 - INFO - Snowflake version: 9.31.0
2025-10-09 21:15:46,054 - INFO - Connected to Snowflake successfully
2025-10-09 21:16:11,752 - INFO - Fetching data from polygon.io API
2025-10-09 21:16:12,618 - INFO - Data fetched successfully
2025-10-09 21:16:12,622 - INFO - Data normalized successfully
2025-10-09 21:16:12,629 - INFO - Data saved to dividends_data.csv successfully
2025-10-09 21:16:12,653 - INFO - Data read from dividends_data.csv successfully
2025-10-09 21:16:12,654 - INFO - Snowflake Connector for Python Version: 3.17.4, Python Version: 3.12.5, Platform: Windows-11-10.0.22631-SP0
2025-10-09 21:16:12,654 - INFO - Connecting to GLOBAL Snowflake domain
2025-10-09 21:16:13,705 - INFO - Connecting to Snowflake
2025-10-09 21:16:13,966 - INFO - Snowflake version: 9.31.0
2025-10-09 21:16:13,967 - INFO - Connected to Snowflake successfully
2025-10-09 21:27:48,448 - INFO - Fetching data from polygon.io API
2025-10-09 21:27:49,809 - INFO - Data fetched successfully
2025-10-09 21:27:49,813 - INFO - Data normalized successfully
2025-10-09 21:27:49,820 - INFO - Data saved to dividends_data.csv successfully
2025-10-09 21:27:49,845 - INFO - Data read from dividends_data.csv successfully
2025-10-09 21:27:49,845 - INFO - Snowflake Connector for Python Version: 3.17.4, Python Version: 3.12.5, Platform: Windows-11-10.0.22631-SP0
2025-10-09 21:27:49,846 - INFO - Connecting to GLOBAL Snowflake domain
2025-10-09 21:27:51,882 - INFO - Connecting to Snowflake
2025-10-09 21:27:52,052 - INFO - Snowflake version: 9.31.0
2025-10-09 21:27:52,052 - INFO - Connected to Snowflake successfully
2025-10-09 21:28:51,758 - INFO - Fetching data from polygon.io API
2025-10-09 21:28:52,739 - INFO - Data fetched successfully
2025-10-09 21:28:52,742 - INFO - Data normalized successfully
2025-10-09 21:28:52,749 - INFO - Data saved to dividends_data.csv successfully
2025-10-09 21:28:52,815 - INFO - Data read from dividends_data.csv successfully
2025-10-09 21:28:52,816 - INFO - Snowflake Connector for Python Version: 3.17.4, Python Version: 3.12.5, Platform: Windows-11-10.0.22631-SP0
2025-10-09 21:28:52,816 - INFO - Connecting to GLOBAL Snowflake domain
2025-10-09 21:28:53,969 - INFO - Connecting to Snowflake
2025-10-09 21:28:54,114 - INFO - Snowflake version: 9.31.0
2025-10-09 21:28:54,114 - INFO - Connected to Snowflake successfully
2025-10-09 21:30:32,657 - INFO - Fetching data from polygon.io API
2025-10-09 21:30:33,725 - INFO - Data fetched successfully
2025-10-09 21:30:33,729 - INFO - Data normalized successfully
2025-10-09 21:30:33,737 - INFO - Data saved to dividends_data.csv successfully
2025-10-09 21:30:33,762 - INFO - Data read from dividends_data.csv successfully
2025-10-09 21:30:33,762 - INFO - Snowflake Connector for Python Version: 3.17.4, Python Version: 3.12.5, Platform: Windows-11-10.0.22631-SP0
2025-10-09 21:30:33,763 - INFO - Connecting to GLOBAL Snowflake domain
2025-10-09 21:30:34,805 - INFO - Connecting to Snowflake
2025-10-09 21:30:34,955 - INFO - Snowflake version: 9.31.0
2025-10-09 21:30:34,956 - INFO - Connected to Snowflake successfully
2025-10-09 21:32:02,323 - INFO - Fetching data from polygon.io API
2025-10-09 21:32:03,552 - INFO - Data fetched successfully
2025-10-09 21:32:03,556 - INFO - Data normalized successfully
2025-10-09 21:32:03,562 - INFO - Data saved to dividends_data.csv successfully
2025-10-09 21:32:03,595 - INFO - Data read from dividends_data.csv successfully
2025-10-09 21:32:03,596 - INFO - Snowflake Connector for Python Version: 3.17.4, Python Version: 3.12.5, Platform: Windows-11-10.0.22631-SP0
2025-10-09 21:32:03,596 - INFO - Connecting to GLOBAL Snowflake domain
2025-10-09 21:32:04,643 - INFO - Connecting to Snowflake
2025-10-09 21:32:04,796 - INFO - Snowflake version: 9.31.0
2025-10-09 21:32:04,797 - INFO - Connected to Snowflake successfully
2025-10-12 18:08:18,403 - INFO - Fetching data from polygon.io API
2025-10-12 18:08:20,092 - INFO - Data fetched successfully
2025-10-12 18:08:20,103 - INFO - Data normalized successfully
2025-10-12 18:08:20,109 - INFO - Data saved to dividends_data.csv successfully
2025-10-12 18:08:20,150 - INFO - Data read from dividends_data.csv successfully
2025-10-12 18:08:20,151 - INFO - Snowflake Connector for Python Version: 3.17.4, Python Version: 3.12.5, Platform: Windows-11-10.0.22631-SP0
2025-10-12 18:08:20,151 - INFO - Connecting to GLOBAL Snowflake domain
2025-10-12 18:08:25,230 - INFO - Connecting to Snowflake
2025-10-12 18:08:25,562 - INFO - Snowflake version: 9.31.0
2025-10-12 18:08:25,577 - INFO - Connected to Snowflake successfully
2025-10-12 18:10:48,637 - INFO - Fetching data from polygon.io API
2025-10-12 18:10:49,903 - INFO - Data fetched successfully
2025-10-12 18:10:49,917 - INFO - Data normalized successfully
2025-10-12 18:10:49,917 - INFO - Data saved to dividends_data.csv successfully
2025-10-12 18:10:49,949 - INFO - Data read from dividends_data.csv successfully
2025-10-12 18:10:49,949 - INFO - Snowflake Connector for Python Version: 3.17.4, Python Version: 3.12.5, Platform: Windows-11-10.0.22631-SP0
2025-10-12 18:10:49,949 - INFO - Connecting to GLOBAL Snowflake domain
2025-10-12 18:10:51,386 - INFO - Connecting to Snowflake
2025-10-12 18:10:51,528 - INFO - Snowflake version: 9.31.0
2025-10-12 18:10:51,528 - INFO - Connected to Snowflake successfully
2025-10-12 18:17:20,954 - INFO - Fetching data from polygon.io API
2025-10-12 18:17:22,142 - INFO - Data fetched successfully
2025-10-12 18:17:22,142 - INFO - Data normalized successfully
2025-10-12 18:17:22,151 - INFO - Data saved to dividends_data.csv successfully
2025-10-12 18:20:23,575 - INFO - Fetching data from polygon.io API
2025-10-12 18:20:24,727 - INFO - Data fetched successfully
2025-10-12 18:20:24,727 - INFO - Data normalized successfully
2025-10-12 18:20:24,743 - INFO - Data saved to dividends_data.csv successfully
2025-10-12 18:22:25,842 - INFO - Fetching data from polygon.io API
2025-10-12 18:22:26,989 - INFO - Data fetched successfully
2025-10-12 18:22:26,989 - INFO - Data normalized successfully
2025-10-12 18:22:27,006 - INFO - Data saved to dividends_data.csv successfully
2025-10-12 18:25:00,560 - INFO - Fetching data from polygon.io API
2025-10-12 18:25:01,625 - INFO - Data fetched successfully
2025-10-12 18:25:01,625 - INFO - Data normalized successfully
2025-10-12 18:25:01,640 - INFO - Data saved to dividends_data.csv successfully
2025-10-12 18:26:02,331 - INFO - Fetching data from polygon.io API
2025-10-12 18:26:03,562 - INFO - Data fetched successfully
2025-10-12 18:26:03,577 - INFO - Data normalized successfully
2025-10-12 18:26:03,577 - INFO - Data saved to dividends_data.csv successfully
2025-10-12 18:27:43,335 - INFO - Fetching data from polygon.io API
2025-10-12 18:27:44,283 - INFO - Data fetched successfully
2025-10-12 18:27:44,283 - INFO - Data normalized successfully
2025-10-12 18:27:44,299 - INFO - Data saved to dividends_data.csv successfully
2025-10-12 18:29:47,931 - INFO - Fetching data from polygon.io API
2025-10-12 18:30:03,764 - INFO - Data fetched successfully
2025-10-12 18:30:03,770 - INFO - Data normalized successfully
2025-10-12 18:30:03,780 - INFO - Data saved to dividends_data.csv successfully
2025-10-12 18:30:03,843 - INFO - Data read from dividends_data.csv successfully
2025-10-12 18:30:03,843 - INFO - Snowflake Connector for Python Version: 3.17.4, Python Version: 3.12.5, Platform: Windows-11-10.0.22631-SP0
2025-10-12 18:30:03,843 - INFO - Connecting to GLOBAL Snowflake domain
2025-10-12 18:30:26,994 - INFO - Connecting to Snowflake
2025-10-12 18:30:27,763 - INFO - Snowflake version: 9.31.0
2025-10-12 18:30:27,763 - INFO - Connected to Snowflake successfully
2025-10-12 18:41:18,431 - INFO - Fetching data from polygon.io API
2025-10-12 18:41:19,392 - INFO - Data fetched successfully
2025-10-12 18:41:19,397 - INFO - Data normalized successfully
2025-10-12 18:41:19,405 - INFO - Data saved to dividends_data.csv successfully
2025-10-12 18:41:19,456 - INFO - Data read from dividends_data.csv successfully
2025-10-12 18:41:19,457 - INFO - Snowflake Connector for Python Version: 3.17.4, Python Version: 3.12.5, Platform: Windows-11-10.0.22631-SP0
2025-10-12 18:41:19,457 - INFO - Connecting to GLOBAL Snowflake domain
2025-10-12 18:41:20,775 - INFO - Connecting to Snowflake
2025-10-12 18:41:20,925 - INFO - Snowflake version: 9.31.0
2025-10-12 18:41:20,925 - INFO - Connected to Snowflake successfully
2025-10-12 18:45:27,773 - INFO - Fetching data from polygon.io API
2025-10-12 18:45:28,706 - INFO - Data fetched successfully
2025-10-12 18:45:28,709 - INFO - Data normalized successfully
2025-10-12 18:45:28,715 - INFO - Data saved to dividends_data.csv successfully
2025-10-12 18:45:28,753 - INFO - Data read from dividends_data.csv successfully
2025-10-12 18:45:28,755 - INFO - Snowflake Connector for Python Version: 3.17.4, Python Version: 3.12.5, Platform: Windows-11-10.0.22631-SP0
2025-10-12 18:45:28,755 - INFO - Connecting to GLOBAL Snowflake domain
2025-10-12 18:45:29,929 - INFO - Connecting to Snowflake
2025-10-12 18:45:30,067 - INFO - Snowflake version: 9.31.0
2025-10-12 18:45:30,270 - INFO - Temporary stage created successfully
2025-10-12 18:45:30,271 - INFO - Connected to Snowflake successfully
2025-10-12 18:45:30,530 - INFO - Connection to Snowflake closed
2025-10-12 20:02:58,861 - INFO - Fetching data from polygon.io API
2025-10-12 20:02:59,952 - INFO - Data fetched successfully
2025-10-12 20:02:59,952 - INFO - Data normalized successfully
2025-10-12 20:02:59,952 - INFO - Data saved to dividends_data.csv successfully
2025-10-12 20:12:16,175 - INFO - Fetching data from polygon.io API
2025-10-12 20:12:17,614 - INFO - Data fetched successfully
2025-10-12 20:12:17,614 - INFO - Data normalized successfully
2025-10-12 20:12:17,630 - INFO - Data saved to dividends_data.csv successfully
2025-10-12 20:12:17,677 - INFO - Data read from dividends_data.csv successfully
2025-10-12 20:12:17,677 - INFO - Snowflake Connector for Python Version: 3.17.4, Python Version: 3.12.5, Platform: Windows-11-10.0.22631-SP0
2025-10-12 20:12:17,677 - INFO - Connecting to GLOBAL Snowflake domain
2025-10-12 20:12:19,055 - INFO - Connecting to Snowflake
2025-10-12 20:12:19,181 - INFO - Snowflake version: 9.31.0
2025-10-12 20:12:19,181 - INFO - Connected to Snowflake successfully
2025-10-12 20:12:22,790 - INFO - Data written to Snowflake successfully: True, 1 chunks, 29028 rows
2025-10-12 20:12:23,020 - INFO - Connection to Snowflake closed
2025-10-12 20:21:48,876 - INFO - Fetching data from polygon.io API
2025-10-12 20:21:49,842 - INFO - Data fetched successfully
2025-10-12 20:21:49,845 - INFO - Data normalized successfully
2025-10-12 20:21:49,852 - INFO - Data saved to dividends_data.csv successfully
2025-10-12 20:21:49,909 - INFO - Data read from dividends_data.csv successfully
2025-10-12 20:21:49,909 - INFO - Snowflake Connector for Python Version: 3.17.4, Python Version: 3.12.5, Platform: Windows-11-10.0.22631-SP0
2025-10-12 20:21:49,909 - INFO - Connecting to GLOBAL Snowflake domain
2025-10-12 20:21:51,125 - INFO - Connecting to Snowflake
2025-10-12 20:21:51,269 - INFO - Snowflake version: 9.31.0
2025-10-12 20:21:51,269 - INFO - Connected to Snowflake successfully
2025-10-12 20:23:12,640 - INFO - Fetching data from polygon.io API
2025-10-12 20:23:13,765 - INFO - Data fetched successfully
2025-10-12 20:23:13,769 - INFO - Data normalized successfully
2025-10-12 20:23:13,775 - INFO - Data saved to dividends_data.csv successfully
2025-10-12 20:23:13,828 - INFO - Data read from dividends_data.csv successfully
2025-10-12 20:23:13,828 - INFO - Snowflake Connector for Python Version: 3.17.4, Python Version: 3.12.5, Platform: Windows-11-10.0.22631-SP0
2025-10-12 20:23:13,828 - INFO - Connecting to GLOBAL Snowflake domain
2025-10-12 20:23:14,957 - INFO - Connecting to Snowflake
2025-10-12 20:23:15,106 - INFO - Snowflake version: 9.31.0
2025-10-12 20:23:15,106 - INFO - Connected to Snowflake successfully
2025-10-12 20:23:48,057 - INFO - Fetching data from polygon.io API
2025-10-12 20:23:48,922 - INFO - Data fetched successfully
2025-10-12 20:23:48,926 - INFO - Data normalized successfully
2025-10-12 20:23:48,933 - INFO - Data saved to dividends_data.csv successfully
2025-10-12 20:23:49,002 - INFO - Data read from dividends_data.csv successfully
2025-10-12 20:23:49,003 - INFO - Snowflake Connector for Python Version: 3.17.4, Python Version: 3.12.5, Platform: Windows-11-10.0.22631-SP0
2025-10-12 20:23:49,003 - INFO - Connecting to GLOBAL Snowflake domain
2025-10-12 20:23:50,286 - INFO - Connecting to Snowflake
2025-10-12 20:23:50,426 - INFO - Snowflake version: 9.31.0
2025-10-12 20:23:50,426 - INFO - Connected to Snowflake successfully
2025-10-12 20:23:50,594 - INFO - Table DIVIDENDS created or already exists
2025-10-12 20:23:54,384 - INFO - Data written to Snowflake successfully: True, 1 chunks, 32031 rows
2025-10-12 20:23:54,610 - INFO - Connection to Snowflake closed
2025-10-12 21:06:00,837 - INFO - Fetching data from polygon.io API
2025-10-12 21:06:02,104 - INFO - Data fetched successfully
2025-10-12 21:06:02,104 - INFO - Data normalized successfully
2025-10-12 21:11:52,766 - INFO - Fetching data from polygon.io API
2025-10-12 21:11:53,823 - INFO - Data fetched successfully
2025-10-12 21:11:53,823 - INFO - Data normalized successfully
2025-10-12 21:14:26,337 - INFO - Fetching data from polygon.io API
2025-10-12 21:14:27,318 - INFO - Data fetched successfully
2025-10-12 21:14:27,328 - INFO - Data normalized successfully
2025-10-12 21:14:59,455 - INFO - Fetching data from polygon.io API
2025-10-12 21:15:00,386 - INFO - Data fetched successfully
2025-10-12 21:15:00,386 - INFO - Data normalized successfully
2025-10-12 21:19:07,410 - INFO - Fetching data from polygon.io API
2025-10-12 21:19:08,449 - INFO - Data fetched successfully
2025-10-12 21:19:08,477 - INFO - Data normalized successfully
2025-10-12 21:21:20,517 - INFO - Fetching data from polygon.io API
2025-10-12 21:21:21,460 - INFO - Data fetched successfully
2025-10-12 21:21:21,475 - INFO - Data normalized successfully
2025-10-12 21:21:42,633 - INFO - Fetching data from polygon.io API
2025-10-12 21:21:43,560 - INFO - Data fetched successfully
2025-10-12 21:21:43,608 - INFO - Data normalized successfully
2025-10-12 21:21:43,655 - INFO - Data written to new Parquet file successfully
2025-10-12 21:21:43,655 - INFO - Data saved to dividends_data.parquet successfully
2025-10-12 21:21:43,664 - INFO - Data saved to dividends_data.csv successfully
2025-10-12 21:21:43,680 - INFO - Data read from dividends_data.csv successfully
2025-10-12 21:21:43,681 - INFO - Snowflake Connector for Python Version: 3.17.4, Python Version: 3.12.5, Platform: Windows-11-10.0.22631-SP0
2025-10-12 21:21:43,681 - INFO - Connecting to GLOBAL Snowflake domain
2025-10-12 21:21:44,947 - INFO - Connecting to Snowflake
2025-10-12 21:21:45,094 - INFO - Snowflake version: 9.31.0
2025-10-12 21:21:45,094 - INFO - Connected to Snowflake successfully
2025-10-12 21:21:45,276 - INFO - Table DIVIDENDS created or already exists
2025-10-12 21:21:48,074 - INFO - Data written to Snowflake successfully: True, 1 chunks, 1000 rows
2025-10-12 21:21:48,298 - INFO - Connection to Snowflake closed
2025-10-17 22:23:34,155 - INFO - Fetching data from polygon.io API
2025-10-17 22:23:34,710 - INFO - Data fetched successfully
2025-10-17 22:28:42,686 - INFO - Fetching data from polygon.io API
2025-10-17 22:28:43,209 - INFO - Data fetched successfully
2025-10-17 22:39:05,564 - INFO - Retrieved 5 URLs to fetch data from. --main_script.py
2025-10-17 22:39:05,564 - INFO - Fetching data from polygon.io API
2025-10-17 22:39:06,411 - INFO - Data fetched successfully
2025-10-17 22:39:06,427 - INFO - Data normalized successfully
2025-10-17 22:39:06,435 - INFO - Data written to new Parquet file successfully
2025-10-17 22:39:06,435 - INFO - Data saved to dividends_data.parquet successfully
2025-10-17 22:39:06,443 - INFO - Data saved to dividends_data.csv successfully
2025-10-17 22:39:06,461 - INFO - Data read from dividends_data.csv successfully
2025-10-17 22:39:06,461 - INFO - Snowflake Connector for Python Version: 3.17.4, Python Version: 3.12.5, Platform: Windows-11-10.0.22631-SP0
2025-10-17 22:39:06,461 - INFO - Connecting to GLOBAL Snowflake domain
2025-10-17 22:39:07,798 - INFO - Connecting to Snowflake
2025-10-17 22:39:07,978 - INFO - Snowflake version: 9.32.1
2025-10-17 22:39:07,978 - INFO - Connected to Snowflake successfully
2025-10-17 22:39:08,135 - INFO - Table DIVIDENDS created or already exists
2025-10-17 22:39:13,977 - INFO - Data written to Snowflake successfully: True, 1 chunks, 1000 rows
2025-10-17 22:39:14,208 - INFO - Connection to Snowflake closed
2025-10-17 22:39:14,208 - INFO - Data fetched and processed for URL: https://api.polygon.io/v3/reference/dividends?apiKey=z_SdG_lBidTJrCAZiD1h9eIYmqIDCLn5&limit=1000 --main_script.py
2025-10-17 22:39:14,208 - INFO - Fetching data from polygon.io API
2025-10-17 22:39:15,282 - INFO - Data fetched successfully
2025-10-17 22:39:15,285 - INFO - Data normalized successfully
2025-10-17 23:39:25,217 - INFO - Retrieved 5 URLs to fetch data from. --main_script.py
2025-10-17 23:39:25,217 - INFO - Fetching data from polygon.io API
2025-10-17 23:39:25,734 - ERROR - API request failed with status code: 429
2025-10-17 23:39:25,734 - INFO - Data fetched and processed for URL: https://api.polygon.io/v3/reference/dividends?apiKey=z_SdG_lBidTJrCAZiD1h9eIYmqIDCLn5&limit=1000 --main_script.py
2025-10-17 23:39:25,734 - INFO - Fetching data from polygon.io API
2025-10-17 23:39:26,265 - ERROR - API request failed with status code: 429
2025-10-17 23:39:26,265 - INFO - Data fetched and processed for URL: https://api.polygon.io/v3/reference/dividends?cursor=YXA9MTAwMCZhcz0mbGltaXQ9MTAwMCZvcmRlcj1kZXNjJnNvcnQ9ZXhfZGl2aWRlbmRfZGF0ZQ&apiKey=z_SdG_lBidTJrCAZiD1h9eIYmqIDCLn5 --main_script.py
2025-10-17 23:39:26,265 - INFO - Fetching data from polygon.io API
2025-10-17 23:39:26,800 - ERROR - API request failed with status code: 429
2025-10-17 23:39:26,800 - INFO - Data fetched and processed for URL: https://api.polygon.io/v3/reference/dividends?cursor=YXA9MjAwMCZhcz0mbGltaXQ9MTAwMCZvcmRlcj1kZXNjJnNvcnQ9ZXhfZGl2aWRlbmRfZGF0ZQ&apiKey=z_SdG_lBidTJrCAZiD1h9eIYmqIDCLn5 --main_script.py
2025-10-17 23:39:26,800 - INFO - Fetching data from polygon.io API
2025-10-17 23:39:27,324 - ERROR - API request failed with status code: 429
2025-10-17 23:39:27,335 - INFO - Data fetched and processed for URL: https://api.polygon.io/v3/reference/dividends?cursor=YXA9MzAwMCZhcz0mbGltaXQ9MTAwMCZvcmRlcj1kZXNjJnNvcnQ9ZXhfZGl2aWRlbmRfZGF0ZQ&apiKey=z_SdG_lBidTJrCAZiD1h9eIYmqIDCLn5 --main_script.py
2025-10-17 23:39:27,335 - INFO - Fetching data from polygon.io API
2025-10-17 23:39:27,834 - ERROR - API request failed with status code: 429
2025-10-17 23:39:27,834 - INFO - Data fetched and processed for URL: https://api.polygon.io/v3/reference/dividends?cursor=YXA9NDAwMCZhcz0mbGltaXQ9MTAwMCZvcmRlcj1kZXNjJnNvcnQ9ZXhfZGl2aWRlbmRfZGF0ZQ&apiKey=z_SdG_lBidTJrCAZiD1h9eIYmqIDCLn5 --main_script.py
2025-10-18 00:02:08,847 - INFO - Retrieved 5 URLs to fetch data from. --main_script.py
2025-10-18 00:02:08,847 - INFO - Fetching data from polygon.io API
2025-10-18 00:02:09,716 - INFO - Data fetched successfully
2025-10-18 00:02:09,739 - INFO - Data normalized successfully with 1000 records
2025-10-18 00:02:09,782 - INFO - Data written to new Parquet file successfully. Records: 1000
2025-10-18 00:02:09,790 - INFO - Data written to new CSV file successfully. Records: 1000
2025-10-18 00:02:09,807 - INFO - Data read from dividends_data.csv successfully. Records: 1000
2025-10-18 00:02:09,807 - INFO - Snowflake Connector for Python Version: 3.17.4, Python Version: 3.12.5, Platform: Windows-11-10.0.22631-SP0
2025-10-18 00:02:09,809 - INFO - Connecting to GLOBAL Snowflake domain
2025-10-18 00:02:11,313 - INFO - Connecting to Snowflake
2025-10-18 00:02:11,531 - INFO - Snowflake version: 9.32.1
2025-10-18 00:02:11,701 - INFO - Table DIVIDENDS created or already exists
2025-10-18 00:02:15,663 - INFO - Data written to Snowflake successfully: True, 1 chunks, 1000 rows
2025-10-18 00:02:15,905 - INFO - Connection to Snowflake closed
2025-10-18 00:02:15,906 - INFO - Data fetched and processed for URL: https://api.polygon.io/v3/reference/dividends?apiKey=z_SdG_lBidTJrCAZiD1h9eIYmqIDCLn5&limit=1000 --main_script.py
2025-10-18 00:02:15,907 - INFO - Fetching data from polygon.io API
2025-10-18 00:02:16,461 - ERROR - API request failed with status code: 429
2025-10-18 00:02:16,461 - INFO - Data fetched and processed for URL: https://api.polygon.io/v3/reference/dividends?cursor=YXA9MTAwMCZhcz0mbGltaXQ9MTAwMCZvcmRlcj1kZXNjJnNvcnQ9ZXhfZGl2aWRlbmRfZGF0ZQ&apiKey=z_SdG_lBidTJrCAZiD1h9eIYmqIDCLn5 --main_script.py
2025-10-18 00:02:16,461 - INFO - Fetching data from polygon.io API
2025-10-18 00:02:17,022 - ERROR - API request failed with status code: 429
2025-10-18 00:02:17,023 - INFO - Data fetched and processed for URL: https://api.polygon.io/v3/reference/dividends?cursor=YXA9MjAwMCZhcz0mbGltaXQ9MTAwMCZvcmRlcj1kZXNjJnNvcnQ9ZXhfZGl2aWRlbmRfZGF0ZQ&apiKey=z_SdG_lBidTJrCAZiD1h9eIYmqIDCLn5 --main_script.py
2025-10-18 00:02:17,023 - INFO - Fetching data from polygon.io API
2025-10-18 00:02:17,541 - ERROR - API request failed with status code: 429
2025-10-18 00:02:17,541 - INFO - Data fetched and processed for URL: https://api.polygon.io/v3/reference/dividends?cursor=YXA9MzAwMCZhcz0mbGltaXQ9MTAwMCZvcmRlcj1kZXNjJnNvcnQ9ZXhfZGl2aWRlbmRfZGF0ZQ&apiKey=z_SdG_lBidTJrCAZiD1h9eIYmqIDCLn5 --main_script.py
2025-10-18 00:02:17,541 - INFO - Fetching data from polygon.io API
2025-10-18 00:02:18,081 - ERROR - API request failed with status code: 429
2025-10-18 00:02:18,081 - INFO - Data fetched and processed for URL: https://api.polygon.io/v3/reference/dividends?cursor=YXA9NDAwMCZhcz0mbGltaXQ9MTAwMCZvcmRlcj1kZXNjJnNvcnQ9ZXhfZGl2aWRlbmRfZGF0ZQ&apiKey=z_SdG_lBidTJrCAZiD1h9eIYmqIDCLn5 --main_script.py
2025-10-18 00:07:06,817 - INFO - Retrieved 5 URLs to fetch data from. --main_script.py
2025-10-18 00:07:06,818 - INFO - Fetching data from polygon.io API
2025-10-18 00:07:07,684 - INFO - Data fetched successfully
2025-10-18 00:07:07,688 - INFO - Data normalized successfully with 1000 records
2025-10-18 00:07:07,725 - ERROR - Error handling Parquet file: parquet: File out of specification: A parquet file must contain a header and footer with at least 12 bytes

This error occurred with the following context stack:
	[1] 'parquet scan'
	[2] 'sink'

2025-10-18 00:07:07,748 - INFO - Data appended to existing CSV file successfully. Total records: 2000
2025-10-18 00:07:07,748 - ERROR - Error reading CSV file: [Errno 2] No such file or directory: 'dividends_data.csv'
2025-10-18 00:07:07,749 - INFO - Data fetched and processed for URL: https://api.polygon.io/v3/reference/dividends?apiKey=z_SdG_lBidTJrCAZiD1h9eIYmqIDCLn5&limit=1000 --main_script.py
2025-10-18 00:07:07,749 - INFO - Fetching data from polygon.io API
2025-10-18 00:07:08,635 - INFO - Data fetched successfully
2025-10-18 00:07:08,638 - INFO - Data normalized successfully with 1000 records
2025-10-18 00:07:08,642 - ERROR - Error handling Parquet file: parquet: File out of specification: A parquet file must contain a header and footer with at least 12 bytes

This error occurred with the following context stack:
	[1] 'parquet scan'
	[2] 'sink'

2025-10-18 00:07:08,668 - INFO - Data appended to existing CSV file successfully. Total records: 3000
2025-10-18 00:07:08,668 - ERROR - Error reading CSV file: [Errno 2] No such file or directory: 'dividends_data.csv'
2025-10-18 00:07:08,669 - INFO - Data fetched and processed for URL: https://api.polygon.io/v3/reference/dividends?cursor=YXA9MTAwMCZhcz0mbGltaXQ9MTAwMCZvcmRlcj1kZXNjJnNvcnQ9ZXhfZGl2aWRlbmRfZGF0ZQ&apiKey=z_SdG_lBidTJrCAZiD1h9eIYmqIDCLn5 --main_script.py
2025-10-18 00:07:08,669 - INFO - Fetching data from polygon.io API
2025-10-18 00:07:09,164 - ERROR - API request failed with status code: 429
2025-10-18 00:07:09,165 - INFO - Data fetched and processed for URL: https://api.polygon.io/v3/reference/dividends?cursor=YXA9MjAwMCZhcz0mbGltaXQ9MTAwMCZvcmRlcj1kZXNjJnNvcnQ9ZXhfZGl2aWRlbmRfZGF0ZQ&apiKey=z_SdG_lBidTJrCAZiD1h9eIYmqIDCLn5 --main_script.py
2025-10-18 00:07:09,165 - INFO - Fetching data from polygon.io API
2025-10-18 00:07:09,694 - ERROR - API request failed with status code: 429
2025-10-18 00:07:09,694 - INFO - Data fetched and processed for URL: https://api.polygon.io/v3/reference/dividends?cursor=YXA9MzAwMCZhcz0mbGltaXQ9MTAwMCZvcmRlcj1kZXNjJnNvcnQ9ZXhfZGl2aWRlbmRfZGF0ZQ&apiKey=z_SdG_lBidTJrCAZiD1h9eIYmqIDCLn5 --main_script.py
2025-10-18 00:07:09,694 - INFO - Fetching data from polygon.io API
2025-10-18 00:07:10,195 - ERROR - API request failed with status code: 429
2025-10-18 00:07:10,196 - INFO - Data fetched and processed for URL: https://api.polygon.io/v3/reference/dividends?cursor=YXA9NDAwMCZhcz0mbGltaXQ9MTAwMCZvcmRlcj1kZXNjJnNvcnQ9ZXhfZGl2aWRlbmRfZGF0ZQ&apiKey=z_SdG_lBidTJrCAZiD1h9eIYmqIDCLn5 --main_script.py
2025-10-24 17:35:27,040 - INFO - Retrieved 5 URLs to fetch data from. --main_script.py
2025-10-24 17:35:27,040 - INFO - Fetching data from polygon.io API
2025-10-24 17:35:27,648 - ERROR - API request failed with status code: 429
2025-10-24 17:35:27,649 - INFO - Data fetched and processed for URL: https://api.polygon.io/v3/reference/dividends?apiKey=z_SdG_lBidTJrCAZiD1h9eIYmqIDCLn5&limit=1000 --main_script.py
2025-10-24 17:35:27,649 - INFO - Fetching data from polygon.io API
2025-10-24 17:35:28,328 - ERROR - API request failed with status code: 429
2025-10-24 17:35:28,328 - INFO - Data fetched and processed for URL: https://api.polygon.io/v3/reference/dividends?cursor=YXA9MTAwMCZhcz0mbGltaXQ9MTAwMCZvcmRlcj1kZXNjJnNvcnQ9ZXhfZGl2aWRlbmRfZGF0ZQ&apiKey=z_SdG_lBidTJrCAZiD1h9eIYmqIDCLn5 --main_script.py
2025-10-24 17:35:28,328 - INFO - Fetching data from polygon.io API
2025-10-24 17:35:29,070 - ERROR - API request failed with status code: 429
2025-10-24 17:35:29,071 - INFO - Data fetched and processed for URL: https://api.polygon.io/v3/reference/dividends?cursor=YXA9MjAwMCZhcz0mbGltaXQ9MTAwMCZvcmRlcj1kZXNjJnNvcnQ9ZXhfZGl2aWRlbmRfZGF0ZQ&apiKey=z_SdG_lBidTJrCAZiD1h9eIYmqIDCLn5 --main_script.py
2025-10-24 17:35:29,071 - INFO - Fetching data from polygon.io API
2025-10-24 17:35:29,788 - ERROR - API request failed with status code: 429
2025-10-24 17:35:29,789 - INFO - Data fetched and processed for URL: https://api.polygon.io/v3/reference/dividends?cursor=YXA9MzAwMCZhcz0mbGltaXQ9MTAwMCZvcmRlcj1kZXNjJnNvcnQ9ZXhfZGl2aWRlbmRfZGF0ZQ&apiKey=z_SdG_lBidTJrCAZiD1h9eIYmqIDCLn5 --main_script.py
2025-10-24 17:35:29,789 - INFO - Fetching data from polygon.io API
2025-10-24 17:35:32,348 - ERROR - API request failed with status code: 429
2025-10-24 17:35:32,349 - INFO - Data fetched and processed for URL: https://api.polygon.io/v3/reference/dividends?cursor=YXA9NDAwMCZhcz0mbGltaXQ9MTAwMCZvcmRlcj1kZXNjJnNvcnQ9ZXhfZGl2aWRlbmRfZGF0ZQ&apiKey=z_SdG_lBidTJrCAZiD1h9eIYmqIDCLn5 --main_script.py
2025-10-24 18:01:14,467 - WARNING - Request failed with status 429 for URL: https://api.polygon.io/v3/reference/dividends?cursor=YXA9NDAwMCZhcz0mbGltaXQ9MTAwMCZvcmRlcj1kZXNjJnNvcnQ9ZXhfZGl2aWRlbmRfZGF0ZQ&apiKey=z_SdG_lBidTJrCAZiD1h9eIYmqIDCLn5 -- get_URLs.py
2025-10-24 18:03:59,114 - INFO - Retrieved 5 URLs to fetch data from. --main_script.py
2025-10-24 18:03:59,114 - INFO - Fetching data from polygon.io API
2025-10-24 18:03:59,631 - ERROR - API request failed with status code: 429
2025-10-24 18:03:59,631 - INFO - Data fetched and processed for URL: https://api.polygon.io/v3/reference/dividends?apiKey=z_SdG_lBidTJrCAZiD1h9eIYmqIDCLn5&limit=1000 --main_script.py
2025-10-24 18:03:59,631 - INFO - Fetching data from polygon.io API
2025-10-24 18:04:00,170 - ERROR - API request failed with status code: 429
2025-10-24 18:04:00,170 - INFO - Data fetched and processed for URL: https://api.polygon.io/v3/reference/dividends?cursor=YXA9MTAwMCZhcz0mbGltaXQ9MTAwMCZvcmRlcj1kZXNjJnNvcnQ9ZXhfZGl2aWRlbmRfZGF0ZQ&apiKey=z_SdG_lBidTJrCAZiD1h9eIYmqIDCLn5 --main_script.py
2025-10-24 18:04:00,170 - INFO - Fetching data from polygon.io API
2025-10-24 18:04:00,682 - ERROR - API request failed with status code: 429
2025-10-24 18:04:00,682 - INFO - Data fetched and processed for URL: https://api.polygon.io/v3/reference/dividends?cursor=YXA9MjAwMCZhcz0mbGltaXQ9MTAwMCZvcmRlcj1kZXNjJnNvcnQ9ZXhfZGl2aWRlbmRfZGF0ZQ&apiKey=z_SdG_lBidTJrCAZiD1h9eIYmqIDCLn5 --main_script.py
2025-10-24 18:04:00,682 - INFO - Fetching data from polygon.io API
2025-10-24 18:04:01,610 - INFO - Data fetched successfully
2025-10-24 18:04:01,657 - INFO - Data normalized successfully with 1000 records
2025-10-24 18:04:01,716 - INFO - Data written to new Parquet file successfully. Records: 1000
2025-10-24 18:04:01,716 - INFO - New data written to CSV file (overwrote previous). Records: 1000
2025-10-24 18:04:01,735 - INFO - Data read from CSV for Snowflake insertion. Records: 1000
2025-10-24 18:04:01,735 - INFO - Snowflake Connector for Python Version: 3.17.4, Python Version: 3.12.5, Platform: Windows-11-10.0.22631-SP0
2025-10-24 18:04:01,735 - INFO - Connecting to GLOBAL Snowflake domain
2025-10-24 18:04:08,366 - WARNING - Retrying (Retry(total=0, connect=None, read=None, redirect=None, status=None)) after connection broken by 'ConnectTimeoutError(<snowflake.connector.vendored.urllib3.connection.HTTPConnection object at 0x00000228DE2185C0>, 'Connection to megaplusredirection.tedata.net timed out. (connect timeout=5)')': /VDSL-Redirection_100.html
2025-10-24 18:04:14,591 - INFO - Connecting to Snowflake
2025-10-24 18:04:14,767 - INFO - Snowflake version: 9.33.1
2025-10-24 18:04:14,956 - INFO - Table DIVIDENDS created or already exists
2025-10-24 18:04:21,124 - WARNING - Retrying (Retry(total=0, connect=None, read=None, redirect=None, status=None)) after connection broken by 'ConnectTimeoutError(<snowflake.connector.vendored.urllib3.connection.HTTPConnection object at 0x00000228DE3D9130>, 'Connection to megaplusredirection.tedata.net timed out. (connect timeout=5)')': /VDSL-Redirection_100.html
2025-10-24 18:04:29,629 - INFO - Data written to Snowflake successfully: True, 1 chunks, 1000 rows
2025-10-24 18:04:29,870 - INFO - Connection to Snowflake closed
2025-10-24 18:04:29,879 - INFO - CSV file cleared successfully after Snowflake insertion
2025-10-24 18:04:29,879 - INFO - Data fetched and processed for URL: https://api.polygon.io/v3/reference/dividends?cursor=YXA9MzAwMCZhcz0mbGltaXQ9MTAwMCZvcmRlcj1kZXNjJnNvcnQ9ZXhfZGl2aWRlbmRfZGF0ZQ&apiKey=z_SdG_lBidTJrCAZiD1h9eIYmqIDCLn5 --main_script.py
2025-10-24 18:04:29,879 - INFO - Fetching data from polygon.io API
2025-10-24 18:04:30,744 - INFO - Data fetched successfully
2025-10-24 18:04:30,744 - INFO - Data normalized successfully with 1000 records
2025-10-24 18:04:30,818 - INFO - Data appended to existing Parquet file successfully. Total records: 2000
2025-10-24 18:04:30,829 - INFO - New data written to CSV file (overwrote previous). Records: 1000
2025-10-24 18:04:30,834 - INFO - Data read from CSV for Snowflake insertion. Records: 1000
2025-10-24 18:04:30,834 - INFO - Snowflake Connector for Python Version: 3.17.4, Python Version: 3.12.5, Platform: Windows-11-10.0.22631-SP0
2025-10-24 18:04:30,834 - INFO - Connecting to GLOBAL Snowflake domain
2025-10-24 18:04:31,652 - INFO - Connecting to Snowflake
2025-10-24 18:04:31,826 - INFO - Snowflake version: 9.33.1
2025-10-24 18:04:32,014 - INFO - Table DIVIDENDS created or already exists
2025-10-24 18:04:37,899 - WARNING - Retrying (Retry(total=0, connect=None, read=None, redirect=None, status=None)) after connection broken by 'ConnectTimeoutError(<snowflake.connector.vendored.urllib3.connection.HTTPConnection object at 0x00000228DE484980>, 'Connection to megaplusredirection.tedata.net timed out. (connect timeout=5)')': /VDSL-Redirection_100.html
2025-10-24 18:04:44,753 - INFO - Data written to Snowflake successfully: True, 1 chunks, 1000 rows
2025-10-24 18:04:44,988 - INFO - Connection to Snowflake closed
2025-10-24 18:04:44,988 - INFO - CSV file cleared successfully after Snowflake insertion
2025-10-24 18:04:44,988 - INFO - Data fetched and processed for URL: https://api.polygon.io/v3/reference/dividends?cursor=YXA9NDAwMCZhcz0mbGltaXQ9MTAwMCZvcmRlcj1kZXNjJnNvcnQ9ZXhfZGl2aWRlbmRfZGF0ZQ&apiKey=z_SdG_lBidTJrCAZiD1h9eIYmqIDCLn5 --main_script.py
2025-10-24 19:16:31,162 - ERROR - HTTP error occurred: 401 Client Error: Unauthorized for url: https://api.polygon.io/v3/reference/dividends?apiKey=None&limit=None
2025-10-24 19:16:31,165 - INFO - Retrieved 0 URLs to fetch data from. --main_script.py
2025-10-24 19:16:44,755 - ERROR - HTTP error occurred: 401 Client Error: Unauthorized for url: https://api.polygon.io/v3/reference/dividends?apiKey=None&limit=None
2025-10-24 19:16:44,755 - INFO - Retrieved 0 URLs to fetch data from. --main_script.py
2025-10-24 19:18:59,397 - INFO - Retrieved 5 URLs to fetch data from. --main_script.py
2025-10-24 19:18:59,397 - INFO - Fetching data from polygon.io API
2025-10-24 19:18:59,890 - ERROR - API request failed with status code: 429
2025-10-24 19:18:59,890 - INFO - Data fetched and processed for URL: https://api.polygon.io/v3/reference/dividends?apiKey=z_SdG_lBidTJrCAZiD1h9eIYmqIDCLn5&limit=1000 --main_script.py
2025-10-24 19:18:59,890 - INFO - Fetching data from polygon.io API
2025-10-24 19:19:00,426 - ERROR - API request failed with status code: 429
2025-10-24 19:19:00,426 - INFO - Data fetched and processed for URL: https://api.polygon.io/v3/reference/dividends?cursor=YXA9MTAwMCZhcz0mbGltaXQ9MTAwMCZvcmRlcj1kZXNjJnNvcnQ9ZXhfZGl2aWRlbmRfZGF0ZQ&apiKey=z_SdG_lBidTJrCAZiD1h9eIYmqIDCLn5 --main_script.py
2025-10-24 19:19:00,426 - INFO - Fetching data from polygon.io API
2025-10-24 19:19:01,289 - INFO - Data fetched successfully
2025-10-24 19:19:01,348 - INFO - Data normalized successfully with 1000 records
2025-10-24 19:19:01,474 - INFO - Data appended to existing Parquet file successfully. Total records: 3000
2025-10-24 19:19:01,489 - INFO - New data written to CSV file (overwrote previous). Records: 1000
2025-10-24 19:19:01,506 - INFO - Data read from CSV for Snowflake insertion. Records: 1000
2025-10-24 19:19:01,506 - INFO - Snowflake Connector for Python Version: 3.17.4, Python Version: 3.12.5, Platform: Windows-11-10.0.22631-SP0
2025-10-24 19:19:01,506 - INFO - Connecting to GLOBAL Snowflake domain
2025-10-24 19:19:02,909 - INFO - Connecting to Snowflake
2025-10-24 19:19:03,072 - INFO - Snowflake version: 9.33.1
2025-10-24 19:19:03,438 - INFO - Table DIVIDENDS created or already exists
2025-10-24 19:19:06,502 - INFO - Data written to Snowflake successfully: True, 1 chunks, 1000 rows
2025-10-24 19:19:06,726 - INFO - Connection to Snowflake closed
2025-10-24 19:19:06,726 - INFO - CSV file cleared successfully after Snowflake insertion
2025-10-24 19:19:06,726 - INFO - Data fetched and processed for URL: https://api.polygon.io/v3/reference/dividends?cursor=YXA9MjAwMCZhcz0mbGltaXQ9MTAwMCZvcmRlcj1kZXNjJnNvcnQ9ZXhfZGl2aWRlbmRfZGF0ZQ&apiKey=z_SdG_lBidTJrCAZiD1h9eIYmqIDCLn5 --main_script.py
2025-10-24 19:19:06,726 - INFO - Fetching data from polygon.io API
2025-10-24 19:19:07,607 - INFO - Data fetched successfully
2025-10-24 19:19:07,607 - INFO - Data normalized successfully with 1000 records
2025-10-24 19:19:07,634 - INFO - Data appended to existing Parquet file successfully. Total records: 4000
2025-10-24 19:19:07,651 - INFO - New data written to CSV file (overwrote previous). Records: 1000
2025-10-24 19:19:07,663 - INFO - Data read from CSV for Snowflake insertion. Records: 1000
2025-10-24 19:19:07,663 - INFO - Snowflake Connector for Python Version: 3.17.4, Python Version: 3.12.5, Platform: Windows-11-10.0.22631-SP0
2025-10-24 19:19:07,666 - INFO - Connecting to GLOBAL Snowflake domain
2025-10-24 19:19:08,452 - INFO - Connecting to Snowflake
2025-10-24 19:19:08,594 - INFO - Snowflake version: 9.33.1
2025-10-24 19:19:08,754 - INFO - Table DIVIDENDS created or already exists
2025-10-24 19:19:11,360 - INFO - Data written to Snowflake successfully: True, 1 chunks, 1000 rows
2025-10-24 19:19:11,587 - INFO - Connection to Snowflake closed
2025-10-24 19:19:11,592 - INFO - CSV file cleared successfully after Snowflake insertion
2025-10-24 19:19:11,592 - INFO - Data fetched and processed for URL: https://api.polygon.io/v3/reference/dividends?cursor=YXA9MzAwMCZhcz0mbGltaXQ9MTAwMCZvcmRlcj1kZXNjJnNvcnQ9ZXhfZGl2aWRlbmRfZGF0ZQ&apiKey=z_SdG_lBidTJrCAZiD1h9eIYmqIDCLn5 --main_script.py
2025-10-24 19:19:11,592 - INFO - Fetching data from polygon.io API
2025-10-24 19:19:12,440 - INFO - Data fetched successfully
2025-10-24 19:19:12,440 - INFO - Data normalized successfully with 1000 records
2025-10-24 19:19:12,475 - INFO - Data appended to existing Parquet file successfully. Total records: 5000
2025-10-24 19:19:12,479 - INFO - New data written to CSV file (overwrote previous). Records: 1000
2025-10-24 19:19:12,488 - INFO - Data read from CSV for Snowflake insertion. Records: 1000
2025-10-24 19:19:12,488 - INFO - Snowflake Connector for Python Version: 3.17.4, Python Version: 3.12.5, Platform: Windows-11-10.0.22631-SP0
2025-10-24 19:19:12,488 - INFO - Connecting to GLOBAL Snowflake domain
2025-10-24 19:19:12,964 - INFO - Connecting to Snowflake
2025-10-24 19:19:13,085 - INFO - Snowflake version: 9.33.1
2025-10-24 19:19:13,243 - INFO - Table DIVIDENDS created or already exists
2025-10-24 19:19:15,415 - INFO - Data written to Snowflake successfully: True, 1 chunks, 1000 rows
2025-10-24 19:19:15,631 - INFO - Connection to Snowflake closed
2025-10-24 19:19:15,631 - INFO - CSV file cleared successfully after Snowflake insertion
2025-10-24 19:19:15,631 - INFO - Data fetched and processed for URL: https://api.polygon.io/v3/reference/dividends?cursor=YXA9NDAwMCZhcz0mbGltaXQ9MTAwMCZvcmRlcj1kZXNjJnNvcnQ9ZXhfZGl2aWRlbmRfZGF0ZQ&apiKey=z_SdG_lBidTJrCAZiD1h9eIYmqIDCLn5 --main_script.py
